<?xml version="1.0" encoding="UTF-8"?>
<!-- Generated by org.testng.reporters.JUnitReportReporter -->
<testsuite hostname="LAPTOP-PAK1TUC" failures="0" tests="1" name="com.mystore.testcases.LoginPageTest" time="6.537" errors="0" timestamp="2023-11-08T20:28:51 ICT" skipped="0">
  <testcase classname="com.mystore.testcases.LoginPageTest" name="loginTest" time="6.537"/>
  <system-out/>
</testsuite> <!-- com.mystore.testcases.LoginPageTest -->
