<?xml version="1.0" encoding="UTF-8"?>
<!-- Generated by org.testng.reporters.JUnitReportReporter -->
<testsuite hostname="LAPTOP-PAK1TUC" failures="0" tests="1" name="com.mystore.testcases.HomePageTest" time="6.400" errors="0" timestamp="2023-11-06T21:22:23 ICT" skipped="0">
  <testcase classname="com.mystore.testcases.HomePageTest" name="verifyUserName" time="6.400"/>
  <system-out/>
</testsuite> <!-- com.mystore.testcases.HomePageTest -->
