<?xml version="1.0" encoding="UTF-8"?>
<!-- Generated by org.testng.reporters.JUnitReportReporter -->
<testsuite hostname="LAPTOP-PAK1TUC" failures="0" tests="3" name="com.mystore.testcases.SignUpPageTest" time="25.137" errors="0" timestamp="2023-11-06T21:22:23 ICT" skipped="0">
  <testcase classname="com.mystore.testcases.SignUpPageTest" name="signUpTest" time="8.055"/>
  <system-out/>
  <testcase classname="com.mystore.testcases.SignUpPageTest" name="signUpTest" time="8.689"/>
  <system-out/>
  <testcase classname="com.mystore.testcases.SignUpPageTest" name="signUpTest" time="8.393"/>
  <system-out/>
</testsuite> <!-- com.mystore.testcases.SignUpPageTest -->
