<?xml version="1.0" encoding="UTF-8"?>
<!-- Generated by org.testng.reporters.JUnitReportReporter -->
<testsuite hostname="LAPTOP-PAK1TUC" failures="0" tests="2" name="com.mystore.testcases.AddToCartPageTest" time="26.909" errors="0" timestamp="2023-11-06T21:22:23 ICT" skipped="0">
  <testcase classname="com.mystore.testcases.AddToCartPageTest" name="addToCartTest2" time="11.956"/>
  <system-out/>
  <testcase classname="com.mystore.testcases.AddToCartPageTest" name="addToCartTest1" time="14.953"/>
  <system-out/>
</testsuite> <!-- com.mystore.testcases.AddToCartPageTest -->
