<?xml version="1.0" encoding="UTF-8"?>
<!-- Generated by org.testng.reporters.JUnitReportReporter -->
<testsuite hostname="LAPTOP-PAK1TUC" failures="0" tests="1" name="com.mystore.testcases.IndexPageTest" time="2.691" errors="0" timestamp="2023-11-06T21:22:23 ICT" skipped="0">
  <testcase classname="com.mystore.testcases.IndexPageTest" name="verifyLogo" time="2.691"/>
  <system-out/>
</testsuite> <!-- com.mystore.testcases.IndexPageTest -->
