<?xml version="1.0" encoding="UTF-8"?>
<!-- Generated by org.testng.reporters.JUnitReportReporter -->
<testsuite hostname="LAPTOP-PAK1TUC" failures="0" tests="3" name="com.mystore.testcases.SignUpPageTest" time="22.160" errors="0" timestamp="2023-11-08T20:28:51 ICT" skipped="0">
  <testcase classname="com.mystore.testcases.SignUpPageTest" name="signUpTest" time="7.428"/>
  <system-out/>
  <testcase classname="com.mystore.testcases.SignUpPageTest" name="signUpTest" time="7.470"/>
  <system-out/>
  <testcase classname="com.mystore.testcases.SignUpPageTest" name="signUpTest" time="7.262"/>
  <system-out/>
</testsuite> <!-- com.mystore.testcases.SignUpPageTest -->
